<?xml version="1.0" encoding="UTF-8"?>
<!-- Generated by org.testng.reporters.JUnitReportReporter -->
<testsuite hostname="IBM-21J0LQ3" failures="0" tests="1" name="testClasses.LaunchFB" time="0.264" errors="0" timestamp="2022-11-04T09:44:14 IST" skipped="0">
  <testcase classname="testClasses.LaunchFB" name="enterUsername" time="0.264"/>
  <system-out/>
</testsuite> <!-- testClasses.LaunchFB -->
