<?xml version="1.0" encoding="UTF-8"?>
<!-- Generated by org.testng.reporters.JUnitReportReporter -->
<testsuite hostname="IBM-21J0LQ3" failures="0" tests="2" name="testClasses.FirstTestNGClass" time="0.007" errors="0" timestamp="2022-11-04T09:16:31 IST" skipped="0">
  <testcase classname="testClasses.FirstTestNGClass" name="second" time="0.002"/>
  <system-out/>
  <testcase classname="testClasses.FirstTestNGClass" name="first" time="0.005"/>
  <system-out/>
</testsuite> <!-- testClasses.FirstTestNGClass -->
