<?xml version="1.0" encoding="UTF-8"?>
<!-- Generated by org.testng.reporters.JUnitReportReporter -->
<testsuite hostname="IBM-21J0LQ3" failures="0" tests="1" name="testClasses.SecondTestNGClass" time="0.001" errors="0" timestamp="2022-11-04T09:16:31 IST" skipped="0">
  <testcase classname="testClasses.SecondTestNGClass" name="method2" time="0.001"/>
  <system-out/>
</testsuite> <!-- testClasses.SecondTestNGClass -->
